#
# There is insufficient memory for the Java Runtime Environment to continue.
# Native memory allocation (mmap) failed to map 132120576 bytes for G1 virtual space
# Possible reasons:
#   The system is out of physical RAM or swap space
#   The process is running with CompressedOops enabled, and the Java Heap may be blocking the growth of the native heap
# Possible solutions:
#   Reduce memory load on the system
#   Increase physical memory or swap space
#   Check if swap backing store is full
#   Decrease Java heap size (-Xmx/-Xms)
#   Decrease number of Java threads
#   Decrease Java thread stack sizes (-Xss)
#   Set larger code cache with -XX:ReservedCodeCacheSize=
#   JVM is running with Unscaled Compressed Oops mode in which the Java heap is
#     placed in the first 4GB address space. The Java Heap base address is the
#     maximum limit for the native heap growth. Please use -XX:HeapBaseMinAddress
#     to set the Java Heap base and to place the Java Heap above 4GB virtual address.
# This output file may be truncated or incomplete.
#
#  Out of Memory Error (os_windows.cpp:3532), pid=33448, tid=29968
#
# JRE version:  (17.0.2+8) (build )
# Java VM: OpenJDK 64-Bit Server VM (17.0.2+8, mixed mode, sharing, tiered, compressed oops, compressed class ptrs, g1 gc, windows-amd64)
# No core dump will be written. Minidumps are not enabled by default on client versions of Windows
#

---------------  S U M M A R Y ------------

Command Line: -Dfile.encoding=UTF-8 -XX:+ShowCodeDetailsInExceptionMessages mvc.view.StartView

Host: Intel(R) Core(TM) i5-8250U CPU @ 1.60GHz, 8 cores, 7G,  Windows 10 , 64 bit Build 19041 (10.0.19041.3636)
Time: Wed Feb 14 15:34:46 2024  Windows 10 , 64 bit Build 19041 (10.0.19041.3636) elapsed time: 0.010695 seconds (0d 0h 0m 0s)

---------------  T H R E A D  ---------------

Current thread (0x000002122e55dbe0):  JavaThread "Unknown thread" [_thread_in_vm, id=29968, stack(0x000000c026c00000,0x000000c026d00000)]

Stack: [0x000000c026c00000,0x000000c026d00000]
Native frames: (J=compiled Java code, j=interpreted, Vv=VM code, C=native code)
V  [jvm.dll+0x67564a]
V  [jvm.dll+0x82fc04]
V  [jvm.dll+0x8313ae]
V  [jvm.dll+0x831a13]
V  [jvm.dll+0x245235]
V  [jvm.dll+0x672539]
V  [jvm.dll+0x666e82]
V  [jvm.dll+0x30401b]
V  [jvm.dll+0x30b566]
V  [jvm.dll+0x35b1fe]
V  [jvm.dll+0x35b42f]
V  [jvm.dll+0x2daf58]
V  [jvm.dll+0x2dbec4]
V  [jvm.dll+0x801881]
V  [jvm.dll+0x368f81]
V  [jvm.dll+0x7e0cdc]
V  [jvm.dll+0x3eb8bf]
V  [jvm.dll+0x3ed441]
C  [jli.dll+0x5277]
C  [ucrtbase.dll+0x21bb2]
C  [KERNEL32.DLL+0x17344]
C  [ntdll.dll+0x526b1]


---------------  P R O C E S S  ---------------

Threads class SMR info:
_java_thread_list=0x00007ffd7acb5e98, length=0, elements={
}

Java Threads: ( => current thread )

Other Threads:
  0x000002122e59f570 GCTaskThread "GC Thread#0" [stack: 0x000000c026d00000,0x000000c026e00000] [id=19464]
  0x000002122e5b1700 ConcurrentGCThread "G1 Main Marker" [stack: 0x000000c026e00000,0x000000c026f00000] [id=34532]
  0x000002122e5b1fb0 ConcurrentGCThread "G1 Conc#0" [stack: 0x000000c026f00000,0x000000c027000000] [id=8264]

[error occurred during error reporting (printing all threads), id 0xc0000005, EXCEPTION_ACCESS_VIOLATION (0xc0000005) at pc=0x00007ffd7a48b9d7]

VM state: not at safepoint (not fully initialized)

VM Mutex/Monitor currently owned by a thread:  ([mutex/lock_event])
[0x000002122e559330] Heap_lock - owner thread: 0x000002122e55dbe0

Heap address: 0x0000000082000000, size: 2016 MB, Compressed Oops mode: 32-bit

CDS archive(s) mapped at: [0x0000000000000000-0x0000000000000000-0x0000000000000000), size 0, SharedBaseAddress: 0x0000000800000000, ArchiveRelocationMode: 0.
Narrow klass base: 0x0000000000000000, Narrow klass shift: 0, Narrow klass range: 0x0

GC Precious Log:
<Empty>

Heap:
 garbage-first heap   total 0K, used 0K [0x0000000082000000, 0x0000000100000000)
  region size 1024K, 0 young (0K), 0 survivors (0K)

[error occurred during error reporting (printing heap information), id 0xc0000005, EXCEPTION_ACCESS_VIOLATION (0xc0000005) at pc=0x00007ffd7a86e899]

GC Heap History (0 events):
No events

Deoptimization events (0 events):
No events

Classes unloaded (0 events):
No events

Classes redefined (0 events):
No events

Internal exceptions (0 events):
No events

VM Operations (0 events):
No events

Events (1 events):
Event: 0.007 Loaded shared library C:\java\eclipses\eclipse-committers-2022-03-R-win32-x86_64\eclipse\plugins\org.eclipse.justj.openjdk.hotspot.jre.full.win32.x86_64_17.0.2.v20220201-1208\jre\bin\java.dll


Dynamic libraries:
0x00007ff74bad0000 - 0x00007ff74bade000 	C:\java\eclipses\eclipse-committers-2022-03-R-win32-x86_64\eclipse\plugins\org.eclipse.justj.openjdk.hotspot.jre.full.win32.x86_64_17.0.2.v20220201-1208\jre\bin\javaw.exe
0x00007ffdbcd30000 - 0x00007ffdbcf28000 	C:\WINDOWS\SYSTEM32\ntdll.dll
0x00007ffdbc450000 - 0x00007ffdbc50d000 	C:\WINDOWS\System32\KERNEL32.DLL
0x00007ffdba6b0000 - 0x00007ffdba9a6000 	C:\WINDOWS\System32\KERNELBASE.dll
0x00007ffdba500000 - 0x00007ffdba600000 	C:\WINDOWS\System32\ucrtbase.dll
0x00007ffdb3710000 - 0x00007ffdb3728000 	C:\java\eclipses\eclipse-committers-2022-03-R-win32-x86_64\eclipse\plugins\org.eclipse.justj.openjdk.hotspot.jre.full.win32.x86_64_17.0.2.v20220201-1208\jre\bin\jli.dll
0x00007ffdb36f0000 - 0x00007ffdb3709000 	C:\java\eclipses\eclipse-committers-2022-03-R-win32-x86_64\eclipse\plugins\org.eclipse.justj.openjdk.hotspot.jre.full.win32.x86_64_17.0.2.v20220201-1208\jre\bin\VCRUNTIME140.dll
0x00007ffdbc5b0000 - 0x00007ffdbc74e000 	C:\WINDOWS\System32\USER32.dll
0x00007ffda3c00000 - 0x00007ffda3e9a000 	C:\WINDOWS\WinSxS\amd64_microsoft.windows.common-controls_6595b64144ccf1df_6.0.19041.3636_none_60b6a03d71f818d5\COMCTL32.dll
0x00007ffdba410000 - 0x00007ffdba432000 	C:\WINDOWS\System32\win32u.dll
0x00007ffdbad90000 - 0x00007ffdbadbc000 	C:\WINDOWS\System32\GDI32.dll
0x00007ffdbc8e0000 - 0x00007ffdbc97e000 	C:\WINDOWS\System32\msvcrt.dll
0x00007ffdbab10000 - 0x00007ffdbac2a000 	C:\WINDOWS\System32\gdi32full.dll
0x00007ffdbacc0000 - 0x00007ffdbad5d000 	C:\WINDOWS\System32\msvcp_win.dll
0x00007ffdbb970000 - 0x00007ffdbb9a0000 	C:\WINDOWS\System32\IMM32.DLL
0x00007ffdb4990000 - 0x00007ffdb499c000 	C:\java\eclipses\eclipse-committers-2022-03-R-win32-x86_64\eclipse\plugins\org.eclipse.justj.openjdk.hotspot.jre.full.win32.x86_64_17.0.2.v20220201-1208\jre\bin\vcruntime140_1.dll
0x00007ffdb3650000 - 0x00007ffdb36e1000 	C:\java\eclipses\eclipse-committers-2022-03-R-win32-x86_64\eclipse\plugins\org.eclipse.justj.openjdk.hotspot.jre.full.win32.x86_64_17.0.2.v20220201-1208\jre\bin\msvcp140.dll
0x00007ffd7a1a0000 - 0x00007ffd7ade7000 	C:\java\eclipses\eclipse-committers-2022-03-R-win32-x86_64\eclipse\plugins\org.eclipse.justj.openjdk.hotspot.jre.full.win32.x86_64_17.0.2.v20220201-1208\jre\bin\server\jvm.dll
0x00007ffdbbae0000 - 0x00007ffdbbb8f000 	C:\WINDOWS\System32\ADVAPI32.dll
0x00007ffdbc510000 - 0x00007ffdbc5ac000 	C:\WINDOWS\System32\sechost.dll
0x00007ffdbc310000 - 0x00007ffdbc436000 	C:\WINDOWS\System32\RPCRT4.dll
0x00007ffdbbad0000 - 0x00007ffdbbad8000 	C:\WINDOWS\System32\PSAPI.DLL
0x00007ffda7bd0000 - 0x00007ffda7bd9000 	C:\WINDOWS\SYSTEM32\WSOCK32.dll
0x00007ffda93c0000 - 0x00007ffda93e7000 	C:\WINDOWS\SYSTEM32\WINMM.dll
0x00007ffda9be0000 - 0x00007ffda9bea000 	C:\WINDOWS\SYSTEM32\VERSION.dll
0x00007ffdbbb90000 - 0x00007ffdbbbfb000 	C:\WINDOWS\System32\WS2_32.dll
0x00007ffdb8c90000 - 0x00007ffdb8ca2000 	C:\WINDOWS\SYSTEM32\kernel.appcore.dll
0x00007ffdb5fd0000 - 0x00007ffdb5fda000 	C:\java\eclipses\eclipse-committers-2022-03-R-win32-x86_64\eclipse\plugins\org.eclipse.justj.openjdk.hotspot.jre.full.win32.x86_64_17.0.2.v20220201-1208\jre\bin\jimage.dll
0x00007ffdb8a50000 - 0x00007ffdb8c34000 	C:\WINDOWS\SYSTEM32\DBGHELP.DLL
0x00007ffdb2410000 - 0x00007ffdb2444000 	C:\WINDOWS\SYSTEM32\dbgcore.DLL
0x00007ffdbac30000 - 0x00007ffdbacb2000 	C:\WINDOWS\System32\bcryptPrimitives.dll
0x00007ffdb4b50000 - 0x00007ffdb4b75000 	C:\java\eclipses\eclipse-committers-2022-03-R-win32-x86_64\eclipse\plugins\org.eclipse.justj.openjdk.hotspot.jre.full.win32.x86_64_17.0.2.v20220201-1208\jre\bin\java.dll

dbghelp: loaded successfully - version: 4.0.5 - missing functions: none
symbol engine: initialized successfully - sym options: 0x614 - pdb path: .;C:\java\eclipses\eclipse-committers-2022-03-R-win32-x86_64\eclipse\plugins\org.eclipse.justj.openjdk.hotspot.jre.full.win32.x86_64_17.0.2.v20220201-1208\jre\bin;C:\WINDOWS\SYSTEM32;C:\WINDOWS\WinSxS\amd64_microsoft.windows.common-controls_6595b64144ccf1df_6.0.19041.3636_none_60b6a03d71f818d5;C:\java\eclipses\eclipse-committers-2022-03-R-win32-x86_64\eclipse\plugins\org.eclipse.justj.openjdk.hotspot.jre.full.win32.x86_64_17.0.2.v20220201-1208\jre\bin\server

VM Arguments:
jvm_args: -Dfile.encoding=UTF-8 -XX:+ShowCodeDetailsInExceptionMessages 
java_command: mvc.view.StartView
java_class_path (initial): C:\Edu\Java\JavaWork\step06_mvc_ObjectSave\bin
Launcher Type: SUN_STANDARD

[Global flags]
     intx CICompilerCount                          = 4                                         {product} {ergonomic}
     uint ConcGCThreads                            = 2                                         {product} {ergonomic}
     uint G1ConcRefinementThreads                  = 8                                         {product} {ergonomic}
   size_t G1HeapRegionSize                         = 1048576                                   {product} {ergonomic}
    uintx GCDrainStackTargetSize                   = 64                                        {product} {ergonomic}
   size_t InitialHeapSize                          = 132120576                                 {product} {ergonomic}
   size_t MarkStackSize                            = 4194304                                   {product} {ergonomic}
   size_t MaxHeapSize                              = 2113929216                                {product} {ergonomic}
   size_t MinHeapDeltaBytes                        = 1048576                                   {product} {ergonomic}
   size_t MinHeapSize                              = 8388608                                   {product} {ergonomic}
    uintx NonNMethodCodeHeapSize                   = 5839372                                {pd product} {ergonomic}
    uintx NonProfiledCodeHeapSize                  = 122909434                              {pd product} {ergonomic}
    uintx ProfiledCodeHeapSize                     = 122909434                              {pd product} {ergonomic}
    uintx ReservedCodeCacheSize                    = 251658240                              {pd product} {ergonomic}
     bool SegmentedCodeCache                       = true                                      {product} {ergonomic}
     bool ShowCodeDetailsInExceptionMessages       = true                                   {manageable} {command line}
   size_t SoftMaxHeapSize                          = 2113929216                             {manageable} {ergonomic}
     bool UseCompressedClassPointers               = true                           {product lp64_product} {ergonomic}
     bool UseCompressedOops                        = true                           {product lp64_product} {ergonomic}
     bool UseG1GC                                  = true                                      {product} {ergonomic}
     bool UseLargePagesIndividualAllocation        = false                                  {pd product} {ergonomic}

Logging:
Log output configuration:
 #0: stdout all=warning uptime,level,tags
 #1: stderr all=off uptime,level,tags

Environment Variables:
JAVA_HOME=C:\Program Files\Java\jdk-11.0.13
CLASSPATH=.;C:\Program Files\Java\jdk-11.0.13\lib\tools.jar
PATH=C:/java/eclipses/eclipse-committers-2022-03-R-win32-x86_64/eclipse//plugins/org.eclipse.justj.openjdk.hotspot.jre.full.win32.x86_64_17.0.2.v20220201-1208/jre/bin/server;C:/java/eclipses/eclipse-committers-2022-03-R-win32-x86_64/eclipse//plugins/org.eclipse.justj.openjdk.hotspot.jre.full.win32.x86_64_17.0.2.v20220201-1208/jre/bin;D:\app\jinwoojung\product\21c\dbhomeXE\bin;D:\app\jinu9561\product\12.2.0\dbhome_1\bin;D:\app\jinwoojung\product\11.2.0\client_1\bin;C:\Program Files (x86)\VMware\VMware Player\bin\;C:\Program Files\Common Files\Oracle\Java\javapath;C:\WINDOWS\system32;C:\WINDOWS;C:\WINDOWS\System32\Wbem;C:\WINDOWS\System32\WindowsPowerShell\v1.0\;C:\WINDOWS\System32\OpenSSH\;C:\Program Files\Bandizip\;C:\Program Files\Java\jdk-11.0.13\bin;C:\Users\jinwoojung\AppData\Roaming\nvm;C:\Program Files\nodejs;C:\Program Files\Git\cmd;C:\Users\jinwoojung\AppData\Local\Programs\Python\Python310;C:\Users\jinwoojung\AppData\Local\Programs\Python\Python310\Scripts;C:\Program Files\dotnet\;C:\Users\jinwoojung\anaconda3;C:\Users\jinwoojung\anaconda3\Scripts;C:\Users\jinwoojung\anaconda3\Library;C:\Users\jinwoojung\AppData\Local\Programs\Python\Python310\Scripts\;C:\Users\jinwoojung\AppData\Local\Programs\Python\Python310\;C:\Users\jinwoojung\AppData\Local\Microsoft\WindowsApps;C:\Users\jinwoojung\AppData\Local\Programs\Microsoft VS Code\bin;C:\Users\jinwoojung\AppData\Roaming\nvm;C:\Program Files\nodejs;;C:\java\eclipses\eclipse-committers-2022-03-R-win32-x86_64\eclipse;
USERNAME=jinwoojung
OS=Windows_NT
PROCESSOR_IDENTIFIER=Intel64 Family 6 Model 142 Stepping 10, GenuineIntel



---------------  S Y S T E M  ---------------

OS:
 Windows 10 , 64 bit Build 19041 (10.0.19041.3636)
OS uptime: 27 days 1:00 hours

CPU: total 8 (initial active 8) (4 cores per cpu, 2 threads per core) family 6 model 142 stepping 10 microcode 0xb4, cx8, cmov, fxsr, ht, mmx, 3dnowpref, sse, sse2, sse3, ssse3, sse4.1, sse4.2, popcnt, lzcnt, tsc, tscinvbit, avx, avx2, aes, erms, clmul, bmi1, bmi2, adx, fma, vzeroupper, clflush, clflushopt

Memory: 4k page, system-wide physical 8058M (1207M free)
TotalPageFile size 20037M (AvailPageFile size 19M)
current process WorkingSet (physical memory assigned to process): 10M, peak: 10M
current process commit charge ("private bytes"): 59M, peak: 185M

vm_info: OpenJDK 64-Bit Server VM (17.0.2+8) for windows-amd64 JRE (17.0.2+8), built on Jan 20 2022 04:52:34 by "" with MS VC++ 16.7 (VS2019)

END.
